<?xml version="1.0" encoding="utf-8"?><testsuites name="pytest tests"><testsuite name="pytest" errors="0" failures="0" skipped="0" tests="15" time="5.585" timestamp="2026-02-02T11:49:03.489704+01:00" hostname="MacBookPro.home"><testcase classname="pytest.test_api_data" name="test_get_data_success" time="0.034" /><testcase classname="pytest.test_api_data" name="test_get_data_response_structure" time="0.016" /><testcase classname="pytest.test_api_data" name="test_get_data_items_structure" time="0.016" /><testcase classname="pytest.test_api_data" name="test_get_data_timestamp_format" time="0.016" /><testcase classname="pytest.test_api_slow" name="test_get_slow_success" time="0.669" /><testcase classname="pytest.test_api_slow" name="test_get_slow_response_structure" time="0.582" /><testcase classname="pytest.test_api_slow" name="test_get_slow_response_time" time="1.036" /><testcase classname="pytest.test_api_slow" name="test_get_slow_delay_value" time="0.821" /><testcase classname="pytest.test_api_slow" name="test_get_slow_multiple_requests_vary" time="2.215" /><testcase classname="pytest.test_api_unreliable" name="test_get_unreliable_returns_response" time="0.032" /><testcase classname="pytest.test_api_unreliable" name="test_get_unreliable_success_response" time="0.022" /><testcase classname="pytest.test_api_unreliable" name="test_get_unreliable_error_response" time="0.020" /><testcase classname="pytest.test_api_unreliable" name="test_get_unreliable_retry_logic" time="0.034" /><testcase classname="pytest.test_auth" name="test_get_auth_status_unauthenticated" time="0.017" /><testcase classname="pytest.test_auth" name="test_auth_status_structure" time="0.016" /></testsuite></testsuites>